[    1883ms] [ERROR] Failed to load resource: the server responded with a status of 400 (Bad Request) @ http://localhost:3000/api/query/comprehensive-bundle?dateField=policy_date&granularity=monthly:0
[    1891ms] [ERROR] 02:12:47.817 [ComprehensiveBundle][ERROR] failed to load comprehensive bundle Error: Query failed: Binder Error: Referenced column "insurance_start_date" not found in FROM clause!
Candidate bindings: "customer_category", "claim_cases", "reported_claims", "fee_amount", "exposure_days"

LINE 28:   GROUP BY STRFTIME(DATE_TRUNC('month', CAST(insurance_start_date AS DATE)), '%Y-%m')
                                                      ^
    at execute (http://localhost:5173/src/shared/api/client.ts:201:25) @ http://localhost:5173/src/shared/utils/logger.ts:53
[    1891ms] [ERROR] 02:12:47.817 [ComprehensiveBundle][ERROR] failed to load comprehensive bundle Error: Query failed: Binder Error: Referenced column "insurance_start_date" not found in FROM clause!
Candidate bindings: "customer_category", "claim_cases", "reported_claims", "fee_amount", "exposure_days"

LINE 28:   GROUP BY STRFTIME(DATE_TRUNC('month', CAST(insurance_start_date AS DATE)), '%Y-%m')
                                                      ^
    at execute (http://localhost:5173/src/shared/api/client.ts:201:25) @ http://localhost:5173/src/shared/utils/logger.ts:53
[    2052ms] [ERROR] Failed to load resource: the server responded with a status of 400 (Bad Request) @ http://localhost:3000/api/query/comprehensive-bundle?dateField=policy_date&startDate=2026-01-01&endDate=2026-03-01&cutoffDate=2026-03-01&granularity=monthly:0
[    2052ms] [ERROR] 02:12:47.978 [ComprehensiveBundle][ERROR] failed to load comprehensive bundle Error: Query failed: Binder Error: Referenced column "insurance_start_date" not found in FROM clause!
Candidate bindings: "customer_category", "claim_cases", "reported_claims", "fee_amount", "exposure_days"

LINE 28:   GROUP BY STRFTIME(DATE_TRUNC('month', CAST(insurance_start_date AS DATE)), '%Y-%m')
                                                      ^
    at execute (http://localhost:5173/src/shared/api/client.ts:201:25)
    at async http://localhost:5173/src/features/comprehensive-analysis/hooks/useComprehensiveBundle.ts:37:24 @ http://localhost:5173/src/shared/utils/logger.ts:53
[    2087ms] [ERROR] Failed to load resource: the server responded with a status of 400 (Bad Request) @ http://localhost:3000/api/query/comprehensive-bundle?dateField=insurance_start_date&granularity=monthly:0
[    2087ms] [ERROR] 02:12:48.013 [ComprehensiveBundle][ERROR] failed to load comprehensive bundle Error: Query failed: Binder Error: Referenced column "insurance_start_date" not found in FROM clause!
Candidate bindings: "customer_category", "claim_cases", "reported_claims", "fee_amount", "exposure_days"

LINE 28:   GROUP BY STRFTIME(DATE_TRUNC('month', CAST(insurance_start_date AS DATE)), '%Y-%m')
                                                      ^
    at execute (http://localhost:5173/src/shared/api/client.ts:201:25)
    at async http://localhost:5173/src/features/comprehensive-analysis/hooks/useComprehensiveBundle.ts:37:24 @ http://localhost:5173/src/shared/utils/logger.ts:53
