[POST] http://localhost:3000/api/auth/login => [200] OK
[GET] http://localhost:3000/api/data/files => [200] OK
[GET] http://localhost:3000/api/data/files => [FAILED] net::ERR_ABORTED
[GET] http://localhost:3000/api/data/files => [200] OK
[GET] http://localhost:3000/api/data/files => [FAILED] net::ERR_ABORTED
[GET] http://localhost:3000/api/data/files => [FAILED] net::ERR_ABORTED
[GET] http://localhost:3000/api/data/files => [200] OK
[GET] http://localhost:3000/api/filters/options => [200] OK
[GET] http://localhost:3000/api/data/files => [FAILED] net::ERR_ABORTED
[GET] http://localhost:3000/api/data/files => [200] OK
[GET] http://localhost:3000/api/query/kpi?dateField=policy_date&startDate=2026-01-01&endDate=2026-02-19 => [FAILED] net::ERR_ABORTED
[GET] http://localhost:3000/api/query/kpi-detail?dateField=policy_date&startDate=2026-01-01&endDate=2026-02-19 => [FAILED] net::ERR_ABORTED
[GET] http://localhost:3000/api/query/trend?granularity=day&dateField=policy_date&startDate=2026-01-01&endDate=2026-02-19 => [FAILED] net::ERR_ABORTED
[GET] http://localhost:3000/api/query/kpi?dateField=policy_date&startDate=2026-01-01&endDate=2026-02-19 => [200] OK
[GET] http://localhost:3000/api/query/kpi-detail?dateField=policy_date&startDate=2026-01-01&endDate=2026-02-19 => [200] OK
[GET] http://localhost:3000/api/query/trend?granularity=day&dateField=policy_date&startDate=2026-01-01&endDate=2026-02-19 => [200] OK
[GET] http://localhost:3000/api/query/kpi?dateField=policy_date&startDate=2026-01-01&endDate=2026-02-19 => [FAILED] net::ERR_ABORTED
[GET] http://localhost:3000/api/query/kpi-detail?dateField=policy_date&startDate=2026-01-01&endDate=2026-02-19 => [FAILED] net::ERR_ABORTED
[GET] http://localhost:3000/api/query/trend?granularity=day&dateField=policy_date&startDate=2026-01-01&endDate=2026-02-19 => [FAILED] net::ERR_ABORTED
[GET] http://localhost:3000/api/query/salesman-ranking?limit=10&rankingType=all&dateField=policy_date&startDate=2026-01-01&endDate=2026-02-19 => [200] OK
[GET] http://localhost:3000/api/query/salesman-ranking?limit=10&rankingType=quality&dateField=policy_date&startDate=2026-01-01&endDate=2026-02-19 => [200] OK
[POST] http://localhost:3000/api/query/custom => [200] OK
[POST] http://localhost:3000/api/query/custom => [200] OK
[POST] http://localhost:3000/api/query/custom => [200] OK
[GET] http://localhost:3000/api/query/premium-report?reportType=org&dateField=policy_date&startDate=2026-01-01&endDate=2026-02-19 => [FAILED] net::ERR_ABORTED
[GET] http://localhost:3000/api/query/premium-report?reportType=salesman&dateField=policy_date&startDate=2026-01-01&endDate=2026-02-19&planYear=2026 => [FAILED] net::ERR_ABORTED
[GET] http://localhost:3000/api/query/premium-report?reportType=org&dateField=policy_date&startDate=2026-01-01&endDate=2026-02-19 => [200] OK
[GET] http://localhost:3000/api/query/premium-report?reportType=salesman&dateField=policy_date&startDate=2026-01-01&endDate=2026-02-19&planYear=2026 => [200] OK
[GET] http://localhost:3000/api/query/premium-report?reportType=org&dateField=policy_date&startDate=2026-01-01&endDate=2026-02-19 => [FAILED] net::ERR_ABORTED
[GET] http://localhost:3000/api/query/premium-report?reportType=salesman&dateField=policy_date&startDate=2026-01-01&endDate=2026-02-19&planYear=2026 => [FAILED] net::ERR_ABORTED