================================================================================
🚀 Excel 转 Parquet 优化脚本 V2
================================================================================
输入文件: 车险签单报价数据20260221.xlsx
输出文件: warehouse/fact/policy/车险签单报价数据20260221.parquet
处理模式: merged
运行时间: 2026-02-23 17:56:10

================================================================================
📂 加载数据
================================================================================
✅ 加载成功: 696,466 行 × 31 列

================================================================================
📊 数据质量分析 - 原始数据
================================================================================
📋 基本统计:
   行数: 696,466
   列数: 31

   保单号:
      空值数: 0 (0.00%)
      唯一值数: 681,760

   业务员:
      空值数: 0 (0.00%)
      唯一值数: 332

   三级机构:
      空值数: 0 (0.00%)
      唯一值数: 13

   签单日期:
      空值数: 0 (0.00%)
      唯一值数: 769

   保险起期:
      空值数: 0 (0.00%)
      唯一值数: 850

   险类:
      空值数: 0 (0.00%)
      唯一值数: 2

================================================================================
💰 处理保费字段
================================================================================
   发现字段: '签单/批改保费'
   数据类型: float64
   空值数: 0
   前5个值: [11896.56, 1476.73, 896.23, 113.21, 1040.87]
   ✅ 已重命名为 '保费'
   保费总额: 527,296,893.35 元

================================================================================
🔄 处理是否续保字段和续保单号字段
================================================================================
   找到'是否续保'字段，检查内容类型...
   ⚠️  '是否续保'列实际存储的是续保单号（保单号格式）
   原始值分布（前10）:
是否续保
NaN                       643820
6101901031220250003028         5
6100801031220250003644         4
6103002031220260000419         3
6103008030120260004682         3
6100701031220260001417         3
6103008030120260009842         3
6103008031220260002038         3
6103008030120250020763         3
6101901031320250000112         3
Name: count, dtype: int64
   ✅ 将'是否续保'转换为'续保单号': 52,646 条 (7.56%)
   ✅ 重新生成布尔值'是否续保': 续保单号不为空 = True
   续保记录（布尔值）: 52,646 (7.56%)

================================================================================
📦 重命名险别字段为险别组合
================================================================================
   原始险别分布:
险别
单交    379368
交三    161811
主全    155252
其他        35

   ✅ 已将 '险别' 重命名为 '险别组合'
   险别组合分布:
险别组合
单交    379368
交三    161811
主全    155252
其他        35

================================================================================
♻️  处理是否可续字段
================================================================================
   批改类型分布:
批改类型
NaN            677098
16退保             9526
42变更车辆基本信息       3972
51车辆过户           3886
01批改关系人          1111
37批改险别信息          404
A5新车上牌            320
68机动车停驶延期          75
69停驶期满前恢复行驶        46
34变更特别约定/备注        26

   可续保记录: 686,940 (98.63%)
   不可续保记录: 9,526 (1.37%)

   不可续保的批改类型分布:
批改类型
16退保    9526

================================================================================
📞 处理是否电销字段
================================================================================
   终端来源分布 (TOP 10):
终端来源
0106移动展业(App)     477932
0101柜面             78358
0110融合销售           57346
0201PC             46215
0202APP            21086
0107B2B             8032
0112AI出单            7493
0105微信（WeChat）         4

   电销记录: 57,346 (8.23%)

================================================================================
☑️  处理布尔字段
================================================================================

   处理 是否新能源:
      原始值分布: {'否': 672875, '是': 23591}
      ✅ 新能源车辆: 23,591 (3.39%)

   处理 是否过户车:
      原始值分布: {'否': 634257, '是': 62209}
      ✅ 过户车辆: 62,209 (8.93%)

================================================================================
🚗 处理是否新车字段
================================================================================
   原始值分布: {'O旧车': 658861, 'N新车': 37605}
   ✅ 新车: 37,605 (5.40%)

================================================================================
🆕 处理新增字段
================================================================================

   处理车架号:
      数据类型: object
      空值数: 0
      唯一值数: 493,647
      ✅ 车架号字段处理完成

   处理是否报价:
      原始值分布: {'否': 572619, '是': 123847}
      ✅ 报价记录: 123,847 (17.78%)

   处理赔案件数:
      原始数据类型: float64
      空值数: 12,087
      ✅ 赔案件数: 平均值 0.07, 整数类型

   处理已报告赔款:
      原始数据类型: float64
      空值数: 12,087
      ✅ 已报告赔款: 总计 245,547,334.16 元

   处理费用金额:
      原始数据类型: float64
      空值数: 0
      ✅ 费用金额: 总计 93,343,787.56 元

   处理车险分等级:
      原始值分布: {nan: 327616, 'B': 144410, 'A': 62656, 'C': 62129, 'D': 55550, 'E': 38656, 'F': 3509, 'X': 1901, 'G': 39}
      ✅ 车险分等级: 368,850 条有值 (52.96%)

   处理小货车评分:
      ✅ 小货车评分: 33,113 条有值 (4.75%)

   处理大货车评分:
      ✅ 大货车评分: 7,267 条有值 (1.04%)

   处理交叉销售标识:
      原始值分布: {'否': 359728, '是': 336738}
      ✅ 交叉销售: 336,738 (48.35%)

   处理交叉销售保费-驾意:
      ✅ 交叉销售保费_驾意: 总计 58,448,111,719,476.48 元

================================================================================
📅 处理日期字段
================================================================================

   处理 签单日期:
      原始数据类型: object
      转换后数据类型: datetime64[ns]
      日期范围: 2023-11-27 至 2026-02-21

   处理 保险起期:
      原始数据类型: object
      转换后数据类型: datetime64[ns]
      日期范围: 2023-12-13 至 2026-05-08

================================================================================
🔍 处理重复记录
================================================================================
   模式: 合并模式 - 合并批改记录

   保单号统计:
      总记录数: 696,466
      唯一保单数: 681,760
      重复保单数: 14,084
      重复记录数: 28,790

   重复最多的保单 (TOP 5):
      6101901031220240002615: 5 次
      6103011030120250096415: 5 次
      6103011031220250061796: 5 次
      6101901030120240002654: 5 次
      6103011031220250032758: 5 次

   去重策略: 保留第一条记录，数值型字段累加汇总
   去重前: 696,466 行
   去重后: 681,760 行
   丢失: 14,706 行 (2.11%)

================================================================================
🎯 最终化数据结构
================================================================================
   ✅ 保留可选字段: 批单号
   ✅ 保留可选字段: 批改类型
   ✅ 保留可选字段: 商车自主定价系数
   ✅ 保留可选字段: 是否交商统保
   ✅ 保留可选字段: 车架号
   ✅ 保留可选字段: 是否报价
   ✅ 保留可选字段: 赔案件数
   ✅ 保留可选字段: 已报告赔款
   ✅ 保留可选字段: 费用金额
   ✅ 保留可选字段: 车险分等级
   ✅ 保留可选字段: 小货车评分
   ✅ 保留可选字段: 大货车评分
   ✅ 保留可选字段: 交叉销售标识
   ✅ 保留可选字段: 交叉销售保费_驾意

   最终字段数: 34
   最终记录数: 681,760

================================================================================
📊 数据质量分析 - 最终数据
================================================================================
📋 基本统计:
   行数: 681,760
   列数: 34

   保单号:
      空值数: 0 (0.00%)
      唯一值数: 681,760

   业务员:
      空值数: 0 (0.00%)
      唯一值数: 332

   三级机构:
      空值数: 0 (0.00%)
      唯一值数: 13

   签单日期:
      空值数: 0 (0.00%)
      唯一值数: 769

   保险起期:
      空值数: 0 (0.00%)
      唯一值数: 850

   险类:
      空值数: 0 (0.00%)
      唯一值数: 2

   险别组合:
      空值数: 0 (0.00%)
      唯一值数: 4

   保费:
      空值数: 0 (0.00%)
      唯一值数: 70,601

   是否可续:
      空值数: 0 (0.00%)
      唯一值数: 2

================================================================================
💾 保存为 Parquet 格式
================================================================================
   输出文件: warehouse/fact/policy/车险签单报价数据20260221.parquet
   记录数: 681,760
   字段数: 34

   数据类型:
      保单号: object
      续保单号: object
      业务员: object
      三级机构: object
      签单日期: datetime64[ns]
      保险起期: datetime64[ns]
      险类: object
      险别组合: object
      保费: float64
      是否续保: bool
      是否可续: bool
      是否新车: bool
      是否新能源: bool
      是否过户车: bool
      是否电销: bool
      终端来源: object
      客户类别: object
      厂牌车型: object
      吨位分段: object
      新车购置价: float64
      批单号: object
      批改类型: object
      商车自主定价系数: float64
      是否交商统保: object
      车架号: object
      是否报价: bool
      赔案件数: int64
      已报告赔款: float64
      费用金额: float64
      车险分等级: object
      小货车评分: object
      大货车评分: object
      交叉销售标识: bool
      交叉销售保费_驾意: float64

   ✅ 成功保存到: warehouse/fact/policy/车险签单报价数据20260221.parquet
   ✅ 验证成功: 681,760 条记录

================================================================================
✅ 转换完成！
================================================================================
